Using pre-set license
Built from '2020.3/staging' branch; Version is '2020.3.4f1 (0abb6314276a) revision 703331'; Using compiler version '192528614'; Build Type 'Release'
OS: 'Windows 10 Pro; OS build 19042.1110; Version 2009; 64bit' Language: 'en' Physical Memory: 16260 MB
BatchMode: 1, IsHumanControllingUs: 0, StartBugReporterOnCrash: 0, Is64bit: 1, IsPro: 0

 COMMAND LINE ARGUMENTS:
C:\Program Files\Unity\Hub\Editor\2020.3.4f1\Editor\Unity.exe
-adb2
-batchMode
-noUpm
-name
AssetImportWorker0
-projectPath
C:/Users/Gopalakrishnareddy/FpsColorShooter
-logFile
Logs/AssetImportWorker0.log
-srvPort
58972
Successfully changed project path to: C:/Users/Gopalakrishnareddy/FpsColorShooter
C:/Users/Gopalakrishnareddy/FpsColorShooter
Using Asset Import Pipeline V2.
Refreshing native plugins compatible for Editor in 77.46 ms, found 0 plugins.
Preloading 0 native plugins for Editor in 0.00 ms.
Initialize engine version: 2020.3.4f1 (0abb6314276a)
[Subsystems] Discovering subsystems at path C:/Program Files/Unity/Hub/Editor/2020.3.4f1/Editor/Data/Resources/UnitySubsystems
[Subsystems] Discovering subsystems at path C:/Users/Gopalakrishnareddy/FpsColorShooter/Assets
GfxDevice: creating device client; threaded=0
Direct3D:
    Version:  Direct3D 11.0 [level 11.1]
    Renderer: Intel(R) UHD Graphics 620 (ID=0x3ea0)
    Vendor:   
    VRAM:     8130 MB
    Driver:   27.20.100.8935
Initialize mono
Mono path[0] = 'C:/Program Files/Unity/Hub/Editor/2020.3.4f1/Editor/Data/Managed'
Mono path[1] = 'C:/Program Files/Unity/Hub/Editor/2020.3.4f1/Editor/Data/MonoBleedingEdge/lib/mono/unityjit'
Mono config path = 'C:/Program Files/Unity/Hub/Editor/2020.3.4f1/Editor/Data/MonoBleedingEdge/etc'
Using monoOptions --debugger-agent=transport=dt_socket,embedding=1,server=y,suspend=n,address=127.0.0.1:56672
Begin MonoManager ReloadAssembly
Registering precompiled unity dll's ...
Register platform support module: C:/Program Files/Unity/Hub/Editor/2020.3.4f1/Editor/Data/PlaybackEngines/WindowsStandaloneSupport/UnityEditor.WindowsStandalone.Extensions.dll
Registered in 0.006424 seconds.
Native extension for WindowsStandalone target not found
Refreshing native plugins compatible for Editor in 81.84 ms, found 0 plugins.
Preloading 0 native plugins for Editor in 0.00 ms.
Mono: successfully reloaded assembly
- Completed reload, in  6.044 seconds
Platform modules already initialized, skipping
Registering precompiled user dll's ...
Registered in 0.002397 seconds.
Begin MonoManager ReloadAssembly
Native extension for WindowsStandalone target not found
Refreshing native plugins compatible for Editor in 0.51 ms, found 0 plugins.
Preloading 0 native plugins for Editor in 0.00 ms.
Mono: successfully reloaded assembly
- Completed reload, in  2.178 seconds
Platform modules already initialized, skipping
========================================================================
Worker process is ready to serve import requests
Launched and connected shader compiler UnityShaderCompiler.exe after 0.08 seconds
Refreshing native plugins compatible for Editor in 0.37 ms, found 0 plugins.
Preloading 0 native plugins for Editor in 0.00 ms.
Unloading 1115 Unused Serialized files (Serialized files now loaded: 0)
System memory in use before: 57.2 MB.
System memory in use after: 57.2 MB.

Unloading 10 unused Assets to reduce memory usage. Loaded Objects now: 1557.
Total: 4.072300 ms (FindLiveObjects: 0.368200 ms CreateObjectMapping: 0.120300 ms MarkObjects: 3.400500 ms  DeleteObjects: 0.179000 ms)

========================================================================
Received Import Request.
  path: Assets
  artifactKey: Guid(00000000000000001000000000000000) Importer(815301076,1909f56bfc062723c751e8b465ee728b)
Start importing Assets using Guid(00000000000000001000000000000000) Importer(815301076,1909f56bfc062723c751e8b465ee728b)  -> (artifact id: '025e4f587c23674256bb898581e82961') in 0.026037 seconds
  Import took 0.031728 seconds .

========================================================================
Received Prepare
Registering precompiled user dll's ...
Registered in 0.001404 seconds.
Begin MonoManager ReloadAssembly
Native extension for WindowsStandalone target not found
Refreshing native plugins compatible for Editor in 0.71 ms, found 0 plugins.
Preloading 0 native plugins for Editor in 0.00 ms.
[ScriptCompilation] NOT recompiling all scripts because this is an import worker process. Reason to compile was: Define symbols changed
Mono: successfully reloaded assembly
- Completed reload, in  2.395 seconds
Platform modules already initialized, skipping
Refreshing native plugins compatible for Editor in 0.54 ms, found 0 plugins.
Preloading 0 native plugins for Editor in 0.00 ms.
Unloading 1241 Unused Serialized files (Serialized files now loaded: 0)
System memory in use before: 68.1 MB.
System memory in use after: 63.7 MB.

Unloading 26 unused Assets to reduce memory usage. Loaded Objects now: 1675.
Total: 7.749800 ms (FindLiveObjects: 0.183300 ms CreateObjectMapping: 0.054000 ms MarkObjects: 2.456600 ms  DeleteObjects: 5.053900 ms)

========================================================================
Received Import Request.
  Time since last request: 288.727324 seconds.
  path: Assets/Standard Assets
  artifactKey: Guid(c6195a43a0187a34e9c6be23520d3766) Importer(815301076,1909f56bfc062723c751e8b465ee728b)
Start importing Assets/Standard Assets using Guid(c6195a43a0187a34e9c6be23520d3766) Importer(815301076,1909f56bfc062723c751e8b465ee728b)  -> (artifact id: '1e70e8951a4fed5b8bf626a443b897ed') in 0.029628 seconds
  Import took 0.036262 seconds .

========================================================================
Received Import Request.
  Time since last request: 0.001499 seconds.
  path: Assets/Standard Assets
  artifactKey: Guid(c6195a43a0187a34e9c6be23520d3766) Importer(815301076,1909f56bfc062723c751e8b465ee728b)
Start importing Assets/Standard Assets using Guid(c6195a43a0187a34e9c6be23520d3766) Importer(815301076,1909f56bfc062723c751e8b465ee728b)  -> (artifact id: '1e70e8951a4fed5b8bf626a443b897ed') in 0.006772 seconds
  Import took 0.013687 seconds .

========================================================================
Received Import Request.
  Time since last request: 1.372920 seconds.
  path: Assets/Standard Assets/Characters
  artifactKey: Guid(8c32f58513a41ef4dab9cb7704c5fb92) Importer(815301076,1909f56bfc062723c751e8b465ee728b)
Start importing Assets/Standard Assets/Characters using Guid(8c32f58513a41ef4dab9cb7704c5fb92) Importer(815301076,1909f56bfc062723c751e8b465ee728b)  -> (artifact id: 'c14789b7721904d23583bc9b38ef1001') in 0.012734 seconds
  Import took 0.016367 seconds .

========================================================================
Received Import Request.
  Time since last request: 0.001295 seconds.
  path: Assets/Standard Assets/Characters
  artifactKey: Guid(8c32f58513a41ef4dab9cb7704c5fb92) Importer(815301076,1909f56bfc062723c751e8b465ee728b)
Start importing Assets/Standard Assets/Characters using Guid(8c32f58513a41ef4dab9cb7704c5fb92) Importer(815301076,1909f56bfc062723c751e8b465ee728b)  -> (artifact id: 'c14789b7721904d23583bc9b38ef1001') in 0.004727 seconds
  Import took 0.008893 seconds .

========================================================================
Received Import Request.
  Time since last request: 0.757038 seconds.
  path: Assets/Standard Assets/Characters/FirstPersonCharacter
  artifactKey: Guid(943e057eaae705e43b9e9b2e53d6adb0) Importer(815301076,1909f56bfc062723c751e8b465ee728b)
Start importing Assets/Standard Assets/Characters/FirstPersonCharacter using Guid(943e057eaae705e43b9e9b2e53d6adb0) Importer(815301076,1909f56bfc062723c751e8b465ee728b)  -> (artifact id: '4a279a47f39fb8e6c24c37fa31b6c424') in 0.018162 seconds
  Import took 0.022727 seconds .

========================================================================
Received Import Request.
  Time since last request: 1.361917 seconds.
  path: Assets/Standard Assets/Characters/FirstPersonCharacter/Prefabs
  artifactKey: Guid(0bfb2599080d5d24e84362b4ae314ae7) Importer(815301076,1909f56bfc062723c751e8b465ee728b)
Start importing Assets/Standard Assets/Characters/FirstPersonCharacter/Prefabs using Guid(0bfb2599080d5d24e84362b4ae314ae7) Importer(815301076,1909f56bfc062723c751e8b465ee728b)  -> (artifact id: '7d16119589db5c75a56893e047588e29') in 0.026999 seconds
  Import took 0.036090 seconds .

========================================================================
Received Import Request.
  Time since last request: 0.097523 seconds.
  path: Assets/Standard Assets/Characters/FirstPersonCharacter/Prefabs/FPSController.prefab
  artifactKey: Guid(5e9e851c0e142814dac026a256ba2ac0) Importer(815301076,1909f56bfc062723c751e8b465ee728b)
Start importing Assets/Standard Assets/Characters/FirstPersonCharacter/Prefabs/FPSController.prefab using Guid(5e9e851c0e142814dac026a256ba2ac0) Importer(815301076,1909f56bfc062723c751e8b465ee728b)  -> (artifact id: '2d77353d79a8a7e3b1dd8983bc3861bc') in 0.116295 seconds
  Import took 0.121481 seconds .

========================================================================
Received Import Request.
  Time since last request: 0.000463 seconds.
  path: Assets/Standard Assets/Characters/FirstPersonCharacter/Prefabs/RigidBodyFPSController.prefab
  artifactKey: Guid(c6453f8e1f814744d8b94e5a6d1f9942) Importer(815301076,1909f56bfc062723c751e8b465ee728b)
Start importing Assets/Standard Assets/Characters/FirstPersonCharacter/Prefabs/RigidBodyFPSController.prefab using Guid(c6453f8e1f814744d8b94e5a6d1f9942) Importer(815301076,1909f56bfc062723c751e8b465ee728b)  -> (artifact id: 'b0ab97fed66f6a7f7cbeb62523684ee7') in 0.032661 seconds
  Import took 0.039470 seconds .

========================================================================
Received Import Request.
  Time since last request: 41.862534 seconds.
  path: Assets/ground.mat
  artifactKey: Guid(c95fa24bd7a224849ab55230317c5f0d) Importer(815301076,1909f56bfc062723c751e8b465ee728b)
Start importing Assets/ground.mat using Guid(c95fa24bd7a224849ab55230317c5f0d) Importer(815301076,1909f56bfc062723c751e8b465ee728b)  -> (artifact id: 'cb79c9cbde5b8e8c5f57c071e1b9dce2') in 0.245910 seconds
  Import took 0.252976 seconds .

========================================================================
Received Prepare
Registering precompiled user dll's ...
Registered in 0.002507 seconds.
Begin MonoManager ReloadAssembly
Native extension for WindowsStandalone target not found
Refreshing native plugins compatible for Editor in 0.59 ms, found 0 plugins.
Preloading 0 native plugins for Editor in 0.00 ms.
[ScriptCompilation] NOT recompiling all scripts because this is an import worker process. Reason to compile was: Define symbols changed
Mono: successfully reloaded assembly
- Completed reload, in  1.937 seconds
Platform modules already initialized, skipping
Refreshing native plugins compatible for Editor in 0.48 ms, found 0 plugins.
Preloading 0 native plugins for Editor in 0.00 ms.
Unloading 1240 Unused Serialized files (Serialized files now loaded: 0)
System memory in use before: 71.4 MB.
System memory in use after: 67.0 MB.

Unloading 26 unused Assets to reduce memory usage. Loaded Objects now: 1718.
Total: 7.913100 ms (FindLiveObjects: 0.294000 ms CreateObjectMapping: 0.078500 ms MarkObjects: 2.648000 ms  DeleteObjects: 4.891100 ms)

========================================================================
Received Prepare
Registering precompiled user dll's ...
Registered in 0.002153 seconds.
Begin MonoManager ReloadAssembly
Native extension for WindowsStandalone target not found
Refreshing native plugins compatible for Editor in 0.45 ms, found 0 plugins.
Preloading 0 native plugins for Editor in 0.00 ms.
Mono: successfully reloaded assembly
- Completed reload, in  1.849 seconds
Platform modules already initialized, skipping
Refreshing native plugins compatible for Editor in 0.51 ms, found 0 plugins.
Preloading 0 native plugins for Editor in 0.00 ms.
Unloading 1240 Unused Serialized files (Serialized files now loaded: 0)
System memory in use before: 71.4 MB.
System memory in use after: 67.0 MB.

Unloading 26 unused Assets to reduce memory usage. Loaded Objects now: 1721.
Total: 10.684600 ms (FindLiveObjects: 0.506300 ms CreateObjectMapping: 0.278300 ms MarkObjects: 3.789600 ms  DeleteObjects: 6.106100 ms)

========================================================================
Received Import Request.
  Time since last request: 230.821964 seconds.
  path: Assets/ground.mat
  artifactKey: Guid(c95fa24bd7a224849ab55230317c5f0d) Importer(815301076,1909f56bfc062723c751e8b465ee728b)
Start importing Assets/ground.mat using Guid(c95fa24bd7a224849ab55230317c5f0d) Importer(815301076,1909f56bfc062723c751e8b465ee728b)  -> (artifact id: 'c13f8a602e934ac6a1b77f0148d02ec7') in 0.185183 seconds
  Import took 0.190786 seconds .

========================================================================
Received Import Request.
  Time since last request: 81.163517 seconds.
  path: Assets/Cube(0).mat
  artifactKey: Guid(33293aac1a68fb44d9b189b6b1f5add2) Importer(815301076,1909f56bfc062723c751e8b465ee728b)
Start importing Assets/Cube(0).mat using Guid(33293aac1a68fb44d9b189b6b1f5add2) Importer(815301076,1909f56bfc062723c751e8b465ee728b)  -> (artifact id: '2dd4791b360f9662be2ebcd0ea75bb99') in 0.048983 seconds
  Import took 0.057089 seconds .

========================================================================
Received Import Request.
  Time since last request: 10.898661 seconds.
  path: Assets/Cube(0).mat
  artifactKey: Guid(33293aac1a68fb44d9b189b6b1f5add2) Importer(815301076,1909f56bfc062723c751e8b465ee728b)
Start importing Assets/Cube(0).mat using Guid(33293aac1a68fb44d9b189b6b1f5add2) Importer(815301076,1909f56bfc062723c751e8b465ee728b)  -> (artifact id: '2282b37790bf5cabee1c82216ac014ae') in 0.059073 seconds
  Import took 0.070212 seconds .

========================================================================
Received Import Request.
  Time since last request: 30.500477 seconds.
  path: Assets/Cube(0) 1.mat
  artifactKey: Guid(bd15ffe32103c01418ffeabb588be20a) Importer(815301076,1909f56bfc062723c751e8b465ee728b)
Start importing Assets/Cube(0) 1.mat using Guid(bd15ffe32103c01418ffeabb588be20a) Importer(815301076,1909f56bfc062723c751e8b465ee728b)  -> (artifact id: 'a9da568565dac957d6f1d499904026e8') in 0.068098 seconds
  Import took 0.081547 seconds .

========================================================================
Received Import Request.
  Time since last request: 75.539014 seconds.
  path: Assets/bullet.mat
  artifactKey: Guid(725220770420b0e42a5f0912965fdb3d) Importer(815301076,1909f56bfc062723c751e8b465ee728b)
Start importing Assets/bullet.mat using Guid(725220770420b0e42a5f0912965fdb3d) Importer(815301076,1909f56bfc062723c751e8b465ee728b)  -> (artifact id: 'ade61554c790457656390ea19e15869a') in 0.046499 seconds
  Import took 0.053749 seconds .

========================================================================
Received Import Request.
  Time since last request: 63.162882 seconds.
  path: Assets/bullet.mat
  artifactKey: Guid(725220770420b0e42a5f0912965fdb3d) Importer(815301076,1909f56bfc062723c751e8b465ee728b)
Start importing Assets/bullet.mat using Guid(725220770420b0e42a5f0912965fdb3d) Importer(815301076,1909f56bfc062723c751e8b465ee728b)  -> (artifact id: '2e1abf9439c617867525c7611fc5d870') in 0.077400 seconds
  Import took 0.088453 seconds .

========================================================================
Received Import Request.
  Time since last request: 0.015313 seconds.
  path: Assets/bullet.mat
  artifactKey: Guid(725220770420b0e42a5f0912965fdb3d) Importer(815301076,1909f56bfc062723c751e8b465ee728b)
Start importing Assets/bullet.mat using Guid(725220770420b0e42a5f0912965fdb3d) Importer(815301076,1909f56bfc062723c751e8b465ee728b)  -> (artifact id: '2e1abf9439c617867525c7611fc5d870') in 0.058615 seconds
  Import took 0.070287 seconds .

========================================================================
Received Import Request.
  Time since last request: 54.666546 seconds.
  path: Assets/Bullet.prefab
  artifactKey: Guid(dd371d4660e826f4a8d14eaab2880124) Importer(815301076,1909f56bfc062723c751e8b465ee728b)
Start importing Assets/Bullet.prefab using Guid(dd371d4660e826f4a8d14eaab2880124) Importer(815301076,1909f56bfc062723c751e8b465ee728b)  -> (artifact id: '892cf24eecba3a20af3b1f040955fd93') in 0.101693 seconds
  Import took 0.109566 seconds .

========================================================================
Received Import Request.
  Time since last request: 120.528879 seconds.
  path: Assets/Bullet.cs
  artifactKey: Guid(69cafaeae09b4cc4886d3a4810e9d86c) Importer(815301076,1909f56bfc062723c751e8b465ee728b)
Start importing Assets/Bullet.cs using Guid(69cafaeae09b4cc4886d3a4810e9d86c) Importer(815301076,1909f56bfc062723c751e8b465ee728b)  -> (artifact id: 'c1467e3c0d3318d72ee989fa9ca5e92f') in 0.197546 seconds
  Import took 0.203464 seconds .

========================================================================
Received Prepare
Registering precompiled user dll's ...
Registered in 0.001816 seconds.
Begin MonoManager ReloadAssembly
Native extension for WindowsStandalone target not found
Refreshing native plugins compatible for Editor in 0.39 ms, found 0 plugins.
Preloading 0 native plugins for Editor in 0.00 ms.
Mono: successfully reloaded assembly
- Completed reload, in  1.993 seconds
Platform modules already initialized, skipping
Refreshing native plugins compatible for Editor in 0.66 ms, found 0 plugins.
Preloading 0 native plugins for Editor in 0.00 ms.
Unloading 1241 Unused Serialized files (Serialized files now loaded: 0)
System memory in use before: 71.5 MB.
System memory in use after: 67.1 MB.

Unloading 26 unused Assets to reduce memory usage. Loaded Objects now: 1727.
Total: 9.093600 ms (FindLiveObjects: 0.354800 ms CreateObjectMapping: 0.133800 ms MarkObjects: 3.072700 ms  DeleteObjects: 5.529700 ms)

========================================================================
Received Prepare
Registering precompiled user dll's ...
Registered in 0.001144 seconds.
Begin MonoManager ReloadAssembly
Native extension for WindowsStandalone target not found
Refreshing native plugins compatible for Editor in 0.46 ms, found 0 plugins.
Preloading 0 native plugins for Editor in 0.00 ms.
Mono: successfully reloaded assembly
- Completed reload, in  1.757 seconds
Platform modules already initialized, skipping
Refreshing native plugins compatible for Editor in 0.67 ms, found 0 plugins.
Preloading 0 native plugins for Editor in 0.00 ms.
Unloading 1241 Unused Serialized files (Serialized files now loaded: 0)
System memory in use before: 71.5 MB.
System memory in use after: 67.1 MB.

Unloading 26 unused Assets to reduce memory usage. Loaded Objects now: 1730.
Total: 8.309600 ms (FindLiveObjects: 0.209600 ms CreateObjectMapping: 0.064700 ms MarkObjects: 2.305600 ms  DeleteObjects: 5.727400 ms)

========================================================================
Received Import Request.
  Time since last request: 88.725990 seconds.
  path: Assets/Bullet.cs
  artifactKey: Guid(69cafaeae09b4cc4886d3a4810e9d86c) Importer(815301076,1909f56bfc062723c751e8b465ee728b)
Start importing Assets/Bullet.cs using Guid(69cafaeae09b4cc4886d3a4810e9d86c) Importer(815301076,1909f56bfc062723c751e8b465ee728b)  -> (artifact id: 'ac2557ba45b28e7008e353127e3f9bbf') in 0.009277 seconds
  Import took 0.014081 seconds .

========================================================================
Received Prepare
Registering precompiled user dll's ...
Registered in 0.001381 seconds.
Begin MonoManager ReloadAssembly
Native extension for WindowsStandalone target not found
Refreshing native plugins compatible for Editor in 0.47 ms, found 0 plugins.
Preloading 0 native plugins for Editor in 0.00 ms.
Mono: successfully reloaded assembly
- Completed reload, in  1.670 seconds
Platform modules already initialized, skipping
Refreshing native plugins compatible for Editor in 0.46 ms, found 0 plugins.
Preloading 0 native plugins for Editor in 0.00 ms.
Unloading 1241 Unused Serialized files (Serialized files now loaded: 0)
System memory in use before: 71.4 MB.
System memory in use after: 67.1 MB.

Unloading 26 unused Assets to reduce memory usage. Loaded Objects now: 1733.
Total: 10.715000 ms (FindLiveObjects: 0.317300 ms CreateObjectMapping: 0.080200 ms MarkObjects: 3.348200 ms  DeleteObjects: 6.965800 ms)

========================================================================
Received Prepare
Registering precompiled user dll's ...
Registered in 0.002427 seconds.
Begin MonoManager ReloadAssembly
Native extension for WindowsStandalone target not found
Refreshing native plugins compatible for Editor in 0.45 ms, found 0 plugins.
Preloading 0 native plugins for Editor in 0.00 ms.
Mono: successfully reloaded assembly
- Completed reload, in  1.873 seconds
Platform modules already initialized, skipping
Refreshing native plugins compatible for Editor in 0.66 ms, found 0 plugins.
Preloading 0 native plugins for Editor in 0.00 ms.
Unloading 1241 Unused Serialized files (Serialized files now loaded: 0)
System memory in use before: 71.5 MB.
System memory in use after: 67.1 MB.

Unloading 26 unused Assets to reduce memory usage. Loaded Objects now: 1736.
Total: 8.511000 ms (FindLiveObjects: 0.331600 ms CreateObjectMapping: 0.116500 ms MarkObjects: 3.098900 ms  DeleteObjects: 4.962000 ms)

========================================================================
Received Prepare
Registering precompiled user dll's ...
Registered in 0.001700 seconds.
Begin MonoManager ReloadAssembly
Native extension for WindowsStandalone target not found
Refreshing native plugins compatible for Editor in 0.47 ms, found 0 plugins.
Preloading 0 native plugins for Editor in 0.00 ms.
Mono: successfully reloaded assembly
- Completed reload, in  1.850 seconds
Platform modules already initialized, skipping
Refreshing native plugins compatible for Editor in 0.47 ms, found 0 plugins.
Preloading 0 native plugins for Editor in 0.00 ms.
Unloading 1241 Unused Serialized files (Serialized files now loaded: 0)
System memory in use before: 71.5 MB.
System memory in use after: 67.2 MB.

Unloading 26 unused Assets to reduce memory usage. Loaded Objects now: 1739.
Total: 11.939300 ms (FindLiveObjects: 0.433000 ms CreateObjectMapping: 0.182600 ms MarkObjects: 3.429200 ms  DeleteObjects: 7.891100 ms)

========================================================================
Received Prepare
Registering precompiled user dll's ...
Registered in 0.001035 seconds.
Begin MonoManager ReloadAssembly
Native extension for WindowsStandalone target not found
Refreshing native plugins compatible for Editor in 0.45 ms, found 0 plugins.
Preloading 0 native plugins for Editor in 0.00 ms.
Mono: successfully reloaded assembly
- Completed reload, in  1.810 seconds
Platform modules already initialized, skipping
Refreshing native plugins compatible for Editor in 0.42 ms, found 0 plugins.
Preloading 0 native plugins for Editor in 0.00 ms.
Unloading 1241 Unused Serialized files (Serialized files now loaded: 0)
System memory in use before: 71.5 MB.
System memory in use after: 67.2 MB.

Unloading 26 unused Assets to reduce memory usage. Loaded Objects now: 1742.
Total: 9.156700 ms (FindLiveObjects: 0.349300 ms CreateObjectMapping: 0.120700 ms MarkObjects: 3.610600 ms  DeleteObjects: 5.073700 ms)

========================================================================
Received Prepare
Registering precompiled user dll's ...
Registered in 0.002170 seconds.
Begin MonoManager ReloadAssembly
Native extension for WindowsStandalone target not found
Refreshing native plugins compatible for Editor in 0.65 ms, found 0 plugins.
Preloading 0 native plugins for Editor in 0.00 ms.
Mono: successfully reloaded assembly
- Completed reload, in  2.294 seconds
Platform modules already initialized, skipping
Refreshing native plugins compatible for Editor in 0.39 ms, found 0 plugins.
Preloading 0 native plugins for Editor in 0.00 ms.
Unloading 1241 Unused Serialized files (Serialized files now loaded: 0)
System memory in use before: 71.5 MB.
System memory in use after: 67.2 MB.

Unloading 26 unused Assets to reduce memory usage. Loaded Objects now: 1745.
Total: 10.324000 ms (FindLiveObjects: 0.271600 ms CreateObjectMapping: 0.101100 ms MarkObjects: 2.907500 ms  DeleteObjects: 7.040700 ms)

========================================================================
Received Prepare
Registering precompiled user dll's ...
Registered in 0.001089 seconds.
Begin MonoManager ReloadAssembly
Native extension for WindowsStandalone target not found
Refreshing native plugins compatible for Editor in 0.52 ms, found 0 plugins.
Preloading 0 native plugins for Editor in 0.00 ms.
Mono: successfully reloaded assembly
- Completed reload, in  1.735 seconds
Platform modules already initialized, skipping
Refreshing native plugins compatible for Editor in 0.40 ms, found 0 plugins.
Preloading 0 native plugins for Editor in 0.00 ms.
Unloading 1241 Unused Serialized files (Serialized files now loaded: 0)
System memory in use before: 71.6 MB.
System memory in use after: 67.2 MB.

Unloading 26 unused Assets to reduce memory usage. Loaded Objects now: 1748.
Total: 6.669900 ms (FindLiveObjects: 0.202700 ms CreateObjectMapping: 0.062600 ms MarkObjects: 2.033400 ms  DeleteObjects: 4.369400 ms)

========================================================================
Received Prepare
Registering precompiled user dll's ...
Registered in 0.001114 seconds.
Begin MonoManager ReloadAssembly
Native extension for WindowsStandalone target not found
Refreshing native plugins compatible for Editor in 0.71 ms, found 0 plugins.
Preloading 0 native plugins for Editor in 0.00 ms.
Mono: successfully reloaded assembly
- Completed reload, in  1.815 seconds
Platform modules already initialized, skipping
Refreshing native plugins compatible for Editor in 0.46 ms, found 0 plugins.
Preloading 0 native plugins for Editor in 0.00 ms.
Unloading 1241 Unused Serialized files (Serialized files now loaded: 0)
System memory in use before: 71.5 MB.
System memory in use after: 67.2 MB.

Unloading 26 unused Assets to reduce memory usage. Loaded Objects now: 1751.
Total: 9.814400 ms (FindLiveObjects: 0.286100 ms CreateObjectMapping: 0.128400 ms MarkObjects: 4.120900 ms  DeleteObjects: 5.276600 ms)

========================================================================
Received Prepare
Registering precompiled user dll's ...
Registered in 0.002276 seconds.
Begin MonoManager ReloadAssembly
Native extension for WindowsStandalone target not found
Refreshing native plugins compatible for Editor in 0.55 ms, found 0 plugins.
Preloading 0 native plugins for Editor in 0.00 ms.
Mono: successfully reloaded assembly
- Completed reload, in  1.987 seconds
Platform modules already initialized, skipping
Refreshing native plugins compatible for Editor in 0.77 ms, found 0 plugins.
Preloading 0 native plugins for Editor in 0.00 ms.
Unloading 1241 Unused Serialized files (Serialized files now loaded: 0)
System memory in use before: 71.5 MB.
System memory in use after: 67.2 MB.

Unloading 26 unused Assets to reduce memory usage. Loaded Objects now: 1754.
Total: 9.320100 ms (FindLiveObjects: 0.349800 ms CreateObjectMapping: 0.084600 ms MarkObjects: 3.250200 ms  DeleteObjects: 5.633400 ms)

========================================================================
Received Prepare
Registering precompiled user dll's ...
Registered in 0.002013 seconds.
Begin MonoManager ReloadAssembly
Native extension for WindowsStandalone target not found
Refreshing native plugins compatible for Editor in 0.50 ms, found 0 plugins.
Preloading 0 native plugins for Editor in 0.00 ms.
Mono: successfully reloaded assembly
- Completed reload, in  1.950 seconds
Platform modules already initialized, skipping
Refreshing native plugins compatible for Editor in 0.66 ms, found 0 plugins.
Preloading 0 native plugins for Editor in 0.00 ms.
Unloading 1241 Unused Serialized files (Serialized files now loaded: 0)
System memory in use before: 71.5 MB.
System memory in use after: 67.2 MB.

Unloading 26 unused Assets to reduce memory usage. Loaded Objects now: 1757.
Total: 10.541200 ms (FindLiveObjects: 0.272500 ms CreateObjectMapping: 0.087100 ms MarkObjects: 3.668400 ms  DeleteObjects: 6.510100 ms)

========================================================================
Received Import Request.
  Time since last request: 659.854292 seconds.
  path: Assets/Bullet.prefab
  artifactKey: Guid(dd371d4660e826f4a8d14eaab2880124) Importer(815301076,1909f56bfc062723c751e8b465ee728b)
Start importing Assets/Bullet.prefab using Guid(dd371d4660e826f4a8d14eaab2880124) Importer(815301076,1909f56bfc062723c751e8b465ee728b)  -> (artifact id: '942a1281172d4235b349dc839923bdc5') in 0.134238 seconds
  Import took 0.138296 seconds .

========================================================================
Received Import Request.
  Time since last request: 10.229893 seconds.
  path: Assets/Bullet.prefab
  artifactKey: Guid(dd371d4660e826f4a8d14eaab2880124) Importer(815301076,1909f56bfc062723c751e8b465ee728b)
Start importing Assets/Bullet.prefab using Guid(dd371d4660e826f4a8d14eaab2880124) Importer(815301076,1909f56bfc062723c751e8b465ee728b)  -> (artifact id: '758d59cfc036645aaf6de0b5dfa04f1e') in 0.054889 seconds
  Import took 0.064410 seconds .

========================================================================
Received Prepare
Registering precompiled user dll's ...
Registered in 0.001488 seconds.
Begin MonoManager ReloadAssembly
Native extension for WindowsStandalone target not found
Refreshing native plugins compatible for Editor in 0.47 ms, found 0 plugins.
Preloading 0 native plugins for Editor in 0.00 ms.
Mono: successfully reloaded assembly
- Completed reload, in  1.802 seconds
Platform modules already initialized, skipping
Refreshing native plugins compatible for Editor in 0.45 ms, found 0 plugins.
Preloading 0 native plugins for Editor in 0.00 ms.
Unloading 1241 Unused Serialized files (Serialized files now loaded: 0)
System memory in use before: 71.5 MB.
System memory in use after: 67.2 MB.

Unloading 26 unused Assets to reduce memory usage. Loaded Objects now: 1761.
Total: 8.582800 ms (FindLiveObjects: 0.246900 ms CreateObjectMapping: 0.078000 ms MarkObjects: 2.670700 ms  DeleteObjects: 5.585100 ms)

========================================================================
Received Prepare
Registering precompiled user dll's ...
Registered in 0.001272 seconds.
Begin MonoManager ReloadAssembly
Native extension for WindowsStandalone target not found
Refreshing native plugins compatible for Editor in 0.44 ms, found 0 plugins.
Preloading 0 native plugins for Editor in 0.00 ms.
Mono: successfully reloaded assembly
- Completed reload, in  1.746 seconds
Platform modules already initialized, skipping
Refreshing native plugins compatible for Editor in 0.47 ms, found 0 plugins.
Preloading 0 native plugins for Editor in 0.00 ms.
Unloading 1241 Unused Serialized files (Serialized files now loaded: 0)
System memory in use before: 71.5 MB.
System memory in use after: 67.2 MB.

Unloading 26 unused Assets to reduce memory usage. Loaded Objects now: 1764.
Total: 7.458300 ms (FindLiveObjects: 0.275600 ms CreateObjectMapping: 0.077400 ms MarkObjects: 2.467700 ms  DeleteObjects: 4.635600 ms)

========================================================================
Received Prepare
Registering precompiled user dll's ...
Registered in 0.003079 seconds.
Begin MonoManager ReloadAssembly
Native extension for WindowsStandalone target not found
Refreshing native plugins compatible for Editor in 0.50 ms, found 0 plugins.
Preloading 0 native plugins for Editor in 0.00 ms.
Mono: successfully reloaded assembly
- Completed reload, in  1.972 seconds
Platform modules already initialized, skipping
Refreshing native plugins compatible for Editor in 0.55 ms, found 0 plugins.
Preloading 0 native plugins for Editor in 0.00 ms.
Unloading 1241 Unused Serialized files (Serialized files now loaded: 0)
System memory in use before: 71.6 MB.
System memory in use after: 67.2 MB.

Unloading 26 unused Assets to reduce memory usage. Loaded Objects now: 1767.
Total: 11.146300 ms (FindLiveObjects: 0.462800 ms CreateObjectMapping: 0.166400 ms MarkObjects: 3.748300 ms  DeleteObjects: 6.765700 ms)

========================================================================
Received Prepare
Registering precompiled user dll's ...
Registered in 0.001595 seconds.
Begin MonoManager ReloadAssembly
Native extension for WindowsStandalone target not found
Refreshing native plugins compatible for Editor in 0.53 ms, found 0 plugins.
Preloading 0 native plugins for Editor in 0.00 ms.
Mono: successfully reloaded assembly
- Completed reload, in  2.199 seconds
Platform modules already initialized, skipping
Refreshing native plugins compatible for Editor in 0.49 ms, found 0 plugins.
Preloading 0 native plugins for Editor in 0.00 ms.
Unloading 1241 Unused Serialized files (Serialized files now loaded: 0)
System memory in use before: 71.6 MB.
System memory in use after: 67.2 MB.

Unloading 26 unused Assets to reduce memory usage. Loaded Objects now: 1770.
Total: 10.358100 ms (FindLiveObjects: 0.249100 ms CreateObjectMapping: 0.081000 ms MarkObjects: 3.129800 ms  DeleteObjects: 6.895700 ms)

========================================================================
Received Prepare
Registering precompiled user dll's ...
Registered in 0.001507 seconds.
Begin MonoManager ReloadAssembly
Native extension for WindowsStandalone target not found
Refreshing native plugins compatible for Editor in 0.48 ms, found 0 plugins.
Preloading 0 native plugins for Editor in 0.00 ms.
Mono: successfully reloaded assembly
- Completed reload, in  1.870 seconds
Platform modules already initialized, skipping
Refreshing native plugins compatible for Editor in 0.43 ms, found 0 plugins.
Preloading 0 native plugins for Editor in 0.00 ms.
Unloading 1241 Unused Serialized files (Serialized files now loaded: 0)
System memory in use before: 71.6 MB.
System memory in use after: 67.2 MB.

Unloading 26 unused Assets to reduce memory usage. Loaded Objects now: 1773.
Total: 8.224900 ms (FindLiveObjects: 0.227800 ms CreateObjectMapping: 0.067900 ms MarkObjects: 2.657800 ms  DeleteObjects: 5.269200 ms)

========================================================================
Received Import Request.
  Time since last request: 237.107066 seconds.
  path: Assets/BulletMove.cs
  artifactKey: Guid(68a0323667b03bb4691eca4cf4c0da75) Importer(815301076,1909f56bfc062723c751e8b465ee728b)
Start importing Assets/BulletMove.cs using Guid(68a0323667b03bb4691eca4cf4c0da75) Importer(815301076,1909f56bfc062723c751e8b465ee728b)  -> (artifact id: '2ee8542d1639ceeee4e0fbefc81bb3b7') in 0.029803 seconds
  Import took 0.035167 seconds .

========================================================================
Received Prepare
Registering precompiled user dll's ...
Registered in 0.001699 seconds.
Begin MonoManager ReloadAssembly
Native extension for WindowsStandalone target not found
Refreshing native plugins compatible for Editor in 0.46 ms, found 0 plugins.
Preloading 0 native plugins for Editor in 0.00 ms.
Mono: successfully reloaded assembly
- Completed reload, in  1.761 seconds
Platform modules already initialized, skipping
Refreshing native plugins compatible for Editor in 0.59 ms, found 0 plugins.
Preloading 0 native plugins for Editor in 0.00 ms.
Unloading 1242 Unused Serialized files (Serialized files now loaded: 0)
System memory in use before: 71.6 MB.
System memory in use after: 67.2 MB.

Unloading 26 unused Assets to reduce memory usage. Loaded Objects now: 1777.
Total: 12.795800 ms (FindLiveObjects: 0.274600 ms CreateObjectMapping: 0.092800 ms MarkObjects: 3.594000 ms  DeleteObjects: 8.830800 ms)

========================================================================
Received Prepare
Registering precompiled user dll's ...
Registered in 0.001938 seconds.
Begin MonoManager ReloadAssembly
Native extension for WindowsStandalone target not found
Refreshing native plugins compatible for Editor in 0.38 ms, found 0 plugins.
Preloading 0 native plugins for Editor in 0.00 ms.
Mono: successfully reloaded assembly
- Completed reload, in  1.736 seconds
Platform modules already initialized, skipping
Refreshing native plugins compatible for Editor in 0.63 ms, found 0 plugins.
Preloading 0 native plugins for Editor in 0.00 ms.
Unloading 1242 Unused Serialized files (Serialized files now loaded: 0)
System memory in use before: 71.6 MB.
System memory in use after: 67.3 MB.

Unloading 26 unused Assets to reduce memory usage. Loaded Objects now: 1780.
Total: 10.333600 ms (FindLiveObjects: 0.283200 ms CreateObjectMapping: 0.144200 ms MarkObjects: 3.561400 ms  DeleteObjects: 6.342100 ms)

========================================================================
Received Import Request.
  Time since last request: 92.229876 seconds.
  path: Assets/BulletMove.cs
  artifactKey: Guid(68a0323667b03bb4691eca4cf4c0da75) Importer(815301076,1909f56bfc062723c751e8b465ee728b)
Start importing Assets/BulletMove.cs using Guid(68a0323667b03bb4691eca4cf4c0da75) Importer(815301076,1909f56bfc062723c751e8b465ee728b)  -> (artifact id: '5ed46844ec473a20a9dd1c448a6542cd') in 0.011265 seconds
  Import took 0.016870 seconds .

========================================================================
Received Import Request.
  Time since last request: 6.763825 seconds.
  path: Assets/Bullet.prefab
  artifactKey: Guid(dd371d4660e826f4a8d14eaab2880124) Importer(815301076,1909f56bfc062723c751e8b465ee728b)
Start importing Assets/Bullet.prefab using Guid(dd371d4660e826f4a8d14eaab2880124) Importer(815301076,1909f56bfc062723c751e8b465ee728b)  -> (artifact id: '455bd550aad69d20eb78c9c68c1aaf74') in 0.172142 seconds
  Import took 0.179182 seconds .

========================================================================
Received Prepare
Registering precompiled user dll's ...
Registered in 0.001686 seconds.
Begin MonoManager ReloadAssembly
Native extension for WindowsStandalone target not found
Refreshing native plugins compatible for Editor in 0.38 ms, found 0 plugins.
Preloading 0 native plugins for Editor in 0.00 ms.
Mono: successfully reloaded assembly
- Completed reload, in  1.759 seconds
Platform modules already initialized, skipping
Refreshing native plugins compatible for Editor in 0.38 ms, found 0 plugins.
Preloading 0 native plugins for Editor in 0.00 ms.
Unloading 1242 Unused Serialized files (Serialized files now loaded: 0)
System memory in use before: 71.6 MB.
System memory in use after: 67.3 MB.

Unloading 26 unused Assets to reduce memory usage. Loaded Objects now: 1784.
Total: 7.361900 ms (FindLiveObjects: 0.264800 ms CreateObjectMapping: 0.064500 ms MarkObjects: 2.194500 ms  DeleteObjects: 4.836400 ms)

========================================================================
Received Prepare
Registering precompiled user dll's ...
Registered in 0.001269 seconds.
Begin MonoManager ReloadAssembly
Native extension for WindowsStandalone target not found
Refreshing native plugins compatible for Editor in 0.74 ms, found 0 plugins.
Preloading 0 native plugins for Editor in 0.00 ms.
Mono: successfully reloaded assembly
- Completed reload, in  1.706 seconds
Platform modules already initialized, skipping
Refreshing native plugins compatible for Editor in 0.45 ms, found 0 plugins.
Preloading 0 native plugins for Editor in 0.00 ms.
Unloading 1242 Unused Serialized files (Serialized files now loaded: 0)
System memory in use before: 71.6 MB.
System memory in use after: 67.3 MB.

Unloading 26 unused Assets to reduce memory usage. Loaded Objects now: 1787.
Total: 7.532000 ms (FindLiveObjects: 0.232600 ms CreateObjectMapping: 0.073500 ms MarkObjects: 2.421700 ms  DeleteObjects: 4.802200 ms)

========================================================================
Received Prepare
Registering precompiled user dll's ...
Registered in 0.001112 seconds.
Begin MonoManager ReloadAssembly
Native extension for WindowsStandalone target not found
Refreshing native plugins compatible for Editor in 0.51 ms, found 0 plugins.
Preloading 0 native plugins for Editor in 0.00 ms.
Mono: successfully reloaded assembly
- Completed reload, in  2.045 seconds
Platform modules already initialized, skipping
Refreshing native plugins compatible for Editor in 0.58 ms, found 0 plugins.
Preloading 0 native plugins for Editor in 0.00 ms.
Unloading 1242 Unused Serialized files (Serialized files now loaded: 0)
System memory in use before: 71.6 MB.
System memory in use after: 67.3 MB.

Unloading 26 unused Assets to reduce memory usage. Loaded Objects now: 1790.
Total: 8.623200 ms (FindLiveObjects: 0.248800 ms CreateObjectMapping: 0.077800 ms MarkObjects: 3.039800 ms  DeleteObjects: 5.254800 ms)

========================================================================
Received Prepare
Registering precompiled user dll's ...
Registered in 0.001773 seconds.
Begin MonoManager ReloadAssembly
Native extension for WindowsStandalone target not found
Refreshing native plugins compatible for Editor in 0.62 ms, found 0 plugins.
Preloading 0 native plugins for Editor in 0.00 ms.
Mono: successfully reloaded assembly
- Completed reload, in  2.148 seconds
Platform modules already initialized, skipping
Refreshing native plugins compatible for Editor in 0.56 ms, found 0 plugins.
Preloading 0 native plugins for Editor in 0.00 ms.
Unloading 1242 Unused Serialized files (Serialized files now loaded: 0)
System memory in use before: 71.6 MB.
System memory in use after: 67.3 MB.

Unloading 26 unused Assets to reduce memory usage. Loaded Objects now: 1793.
Total: 7.802600 ms (FindLiveObjects: 0.290200 ms CreateObjectMapping: 0.070200 ms MarkObjects: 2.563100 ms  DeleteObjects: 4.876400 ms)

========================================================================
Received Import Request.
  Time since last request: 167.940040 seconds.
  path: Assets/Bullet.cs
  artifactKey: Guid(69cafaeae09b4cc4886d3a4810e9d86c) Importer(815301076,1909f56bfc062723c751e8b465ee728b)
Start importing Assets/Bullet.cs using Guid(69cafaeae09b4cc4886d3a4810e9d86c) Importer(815301076,1909f56bfc062723c751e8b465ee728b)  -> (artifact id: '7532e82fd8a845a4f8644dc1ea99f960') in 0.006588 seconds
  Import took 0.010770 seconds .

========================================================================
Received Prepare
Registering precompiled user dll's ...
Registered in 0.001254 seconds.
Begin MonoManager ReloadAssembly
Native extension for WindowsStandalone target not found
Refreshing native plugins compatible for Editor in 0.45 ms, found 0 plugins.
Preloading 0 native plugins for Editor in 0.00 ms.
Mono: successfully reloaded assembly
- Completed reload, in  1.838 seconds
Platform modules already initialized, skipping
Refreshing native plugins compatible for Editor in 0.37 ms, found 0 plugins.
Preloading 0 native plugins for Editor in 0.00 ms.
Unloading 1241 Unused Serialized files (Serialized files now loaded: 0)
System memory in use before: 71.5 MB.
System memory in use after: 67.3 MB.

Unloading 27 unused Assets to reduce memory usage. Loaded Objects now: 1795.
Total: 7.171000 ms (FindLiveObjects: 0.261500 ms CreateObjectMapping: 0.071200 ms MarkObjects: 2.174500 ms  DeleteObjects: 4.661600 ms)

========================================================================
Received Import Request.
  Time since last request: 10.546982 seconds.
  path: Assets/BulletMove.cs
  artifactKey: Guid(68a0323667b03bb4691eca4cf4c0da75) Importer(815301076,1909f56bfc062723c751e8b465ee728b)
Start importing Assets/BulletMove.cs using Guid(68a0323667b03bb4691eca4cf4c0da75) Importer(815301076,1909f56bfc062723c751e8b465ee728b)  -> (artifact id: '25e92590953fc09827e6b456f82f1083') in 0.007626 seconds
  Import took 0.011727 seconds .

========================================================================
Received Prepare
Registering precompiled user dll's ...
Registered in 0.001868 seconds.
Begin MonoManager ReloadAssembly
Native extension for WindowsStandalone target not found
Refreshing native plugins compatible for Editor in 0.49 ms, found 0 plugins.
Preloading 0 native plugins for Editor in 0.00 ms.
Mono: successfully reloaded assembly
- Completed reload, in  1.531 seconds
Platform modules already initialized, skipping
Refreshing native plugins compatible for Editor in 0.46 ms, found 0 plugins.
Preloading 0 native plugins for Editor in 0.00 ms.
Unloading 1240 Unused Serialized files (Serialized files now loaded: 0)
System memory in use before: 71.6 MB.
System memory in use after: 67.2 MB.

Unloading 27 unused Assets to reduce memory usage. Loaded Objects now: 1797.
Total: 7.601200 ms (FindLiveObjects: 0.295000 ms CreateObjectMapping: 0.066900 ms MarkObjects: 2.556600 ms  DeleteObjects: 4.679800 ms)

========================================================================
Received Import Request.
  Time since last request: 7.982812 seconds.
  path: Assets/Bullet.prefab
  artifactKey: Guid(dd371d4660e826f4a8d14eaab2880124) Importer(815301076,1909f56bfc062723c751e8b465ee728b)
Start importing Assets/Bullet.prefab using Guid(dd371d4660e826f4a8d14eaab2880124) Importer(815301076,1909f56bfc062723c751e8b465ee728b)  -> (artifact id: 'a05da0bce753ec1f0817da6c324dfc1f') in 0.126937 seconds
  Import took 0.131369 seconds .

========================================================================
Received Import Request.
  Time since last request: 31.033107 seconds.
  path: Assets/BulletMovement.cs
  artifactKey: Guid(b923083113bebcd448b9cce987eb5e63) Importer(815301076,1909f56bfc062723c751e8b465ee728b)
Start importing Assets/BulletMovement.cs using Guid(b923083113bebcd448b9cce987eb5e63) Importer(815301076,1909f56bfc062723c751e8b465ee728b)  -> (artifact id: '172b986c24fdc7df4e016bd52847ccd7') in 0.014752 seconds
  Import took 0.019758 seconds .

========================================================================
Received Prepare
Registering precompiled user dll's ...
Registered in 0.001033 seconds.
Begin MonoManager ReloadAssembly
Native extension for WindowsStandalone target not found
Refreshing native plugins compatible for Editor in 0.89 ms, found 0 plugins.
Preloading 0 native plugins for Editor in 0.00 ms.
Mono: successfully reloaded assembly
- Completed reload, in  2.276 seconds
Platform modules already initialized, skipping
Refreshing native plugins compatible for Editor in 0.53 ms, found 0 plugins.
Preloading 0 native plugins for Editor in 0.00 ms.
Unloading 1241 Unused Serialized files (Serialized files now loaded: 0)
System memory in use before: 71.7 MB.
System memory in use after: 67.3 MB.

Unloading 26 unused Assets to reduce memory usage. Loaded Objects now: 1802.
Total: 12.754100 ms (FindLiveObjects: 0.365000 ms CreateObjectMapping: 0.102700 ms MarkObjects: 4.376600 ms  DeleteObjects: 7.907200 ms)

========================================================================
Received Prepare
Registering precompiled user dll's ...
Registered in 0.001157 seconds.
Begin MonoManager ReloadAssembly
Native extension for WindowsStandalone target not found
Refreshing native plugins compatible for Editor in 0.53 ms, found 0 plugins.
Preloading 0 native plugins for Editor in 0.00 ms.
Mono: successfully reloaded assembly
- Completed reload, in  1.577 seconds
Platform modules already initialized, skipping
Refreshing native plugins compatible for Editor in 0.53 ms, found 0 plugins.
Preloading 0 native plugins for Editor in 0.00 ms.
Unloading 1241 Unused Serialized files (Serialized files now loaded: 0)
System memory in use before: 71.6 MB.
System memory in use after: 67.3 MB.

Unloading 26 unused Assets to reduce memory usage. Loaded Objects now: 1805.
Total: 9.504700 ms (FindLiveObjects: 0.312800 ms CreateObjectMapping: 0.086800 ms MarkObjects: 3.056600 ms  DeleteObjects: 6.045200 ms)

========================================================================
Received Import Request.
  Time since last request: 188.838094 seconds.
  path: Assets/BulletMovement.cs
  artifactKey: Guid(b923083113bebcd448b9cce987eb5e63) Importer(815301076,1909f56bfc062723c751e8b465ee728b)
Start importing Assets/BulletMovement.cs using Guid(b923083113bebcd448b9cce987eb5e63) Importer(815301076,1909f56bfc062723c751e8b465ee728b)  -> (artifact id: '59660ecc5893d045bb04d52689c7b0c8') in 0.010598 seconds
  Import took 0.017702 seconds .

========================================================================
Received Prepare
Registering precompiled user dll's ...
Registered in 0.001813 seconds.
Begin MonoManager ReloadAssembly
Native extension for WindowsStandalone target not found
Refreshing native plugins compatible for Editor in 0.88 ms, found 0 plugins.
Preloading 0 native plugins for Editor in 0.00 ms.
Mono: successfully reloaded assembly
- Completed reload, in  2.268 seconds
Platform modules already initialized, skipping
Refreshing native plugins compatible for Editor in 0.66 ms, found 0 plugins.
Preloading 0 native plugins for Editor in 0.00 ms.
Unloading 1241 Unused Serialized files (Serialized files now loaded: 0)
System memory in use before: 71.6 MB.
System memory in use after: 67.3 MB.

Unloading 26 unused Assets to reduce memory usage. Loaded Objects now: 1808.
Total: 9.749300 ms (FindLiveObjects: 0.290100 ms CreateObjectMapping: 0.082600 ms MarkObjects: 3.168000 ms  DeleteObjects: 6.205800 ms)

========================================================================
Received Prepare
Registering precompiled user dll's ...
Registered in 0.001176 seconds.
Begin MonoManager ReloadAssembly
Native extension for WindowsStandalone target not found
Refreshing native plugins compatible for Editor in 0.54 ms, found 0 plugins.
Preloading 0 native plugins for Editor in 0.00 ms.
Mono: successfully reloaded assembly
- Completed reload, in  1.605 seconds
Platform modules already initialized, skipping
Refreshing native plugins compatible for Editor in 0.41 ms, found 0 plugins.
Preloading 0 native plugins for Editor in 0.00 ms.
Unloading 1241 Unused Serialized files (Serialized files now loaded: 0)
System memory in use before: 71.6 MB.
System memory in use after: 67.3 MB.

Unloading 26 unused Assets to reduce memory usage. Loaded Objects now: 1811.
Total: 6.844300 ms (FindLiveObjects: 0.229100 ms CreateObjectMapping: 0.070200 ms MarkObjects: 2.098400 ms  DeleteObjects: 4.444700 ms)

========================================================================
Received Prepare
Registering precompiled user dll's ...
Registered in 0.001580 seconds.
Begin MonoManager ReloadAssembly
Native extension for WindowsStandalone target not found
Refreshing native plugins compatible for Editor in 0.57 ms, found 0 plugins.
Preloading 0 native plugins for Editor in 0.00 ms.
Mono: successfully reloaded assembly
- Completed reload, in  1.759 seconds
Platform modules already initialized, skipping
Refreshing native plugins compatible for Editor in 0.45 ms, found 0 plugins.
Preloading 0 native plugins for Editor in 0.00 ms.
Unloading 1241 Unused Serialized files (Serialized files now loaded: 0)
System memory in use before: 71.6 MB.
System memory in use after: 67.3 MB.

Unloading 26 unused Assets to reduce memory usage. Loaded Objects now: 1814.
Total: 9.031500 ms (FindLiveObjects: 0.231200 ms CreateObjectMapping: 0.070000 ms MarkObjects: 2.541600 ms  DeleteObjects: 6.186600 ms)

========================================================================
Received Prepare
Registering precompiled user dll's ...
Registered in 0.001255 seconds.
Begin MonoManager ReloadAssembly
Native extension for WindowsStandalone target not found
Refreshing native plugins compatible for Editor in 0.45 ms, found 0 plugins.
Preloading 0 native plugins for Editor in 0.00 ms.
Mono: successfully reloaded assembly
- Completed reload, in  1.693 seconds
Platform modules already initialized, skipping
Refreshing native plugins compatible for Editor in 0.44 ms, found 0 plugins.
Preloading 0 native plugins for Editor in 0.00 ms.
Unloading 1242 Unused Serialized files (Serialized files now loaded: 0)
System memory in use before: 71.7 MB.
System memory in use after: 67.3 MB.

Unloading 26 unused Assets to reduce memory usage. Loaded Objects now: 1818.
Total: 9.694900 ms (FindLiveObjects: 0.411200 ms CreateObjectMapping: 0.129100 ms MarkObjects: 2.887700 ms  DeleteObjects: 6.264300 ms)

========================================================================
Received Prepare
Registering precompiled user dll's ...
Registered in 0.001242 seconds.
Begin MonoManager ReloadAssembly
Native extension for WindowsStandalone target not found
Refreshing native plugins compatible for Editor in 0.44 ms, found 0 plugins.
Preloading 0 native plugins for Editor in 0.00 ms.
Mono: successfully reloaded assembly
- Completed reload, in  1.578 seconds
Platform modules already initialized, skipping
Refreshing native plugins compatible for Editor in 0.51 ms, found 0 plugins.
Preloading 0 native plugins for Editor in 0.00 ms.
Unloading 1242 Unused Serialized files (Serialized files now loaded: 0)
System memory in use before: 71.7 MB.
System memory in use after: 67.3 MB.

Unloading 26 unused Assets to reduce memory usage. Loaded Objects now: 1821.
Total: 9.823200 ms (FindLiveObjects: 0.262800 ms CreateObjectMapping: 0.075700 ms MarkObjects: 3.227200 ms  DeleteObjects: 6.255000 ms)

========================================================================
Received Import Request.
  Time since last request: 595.735070 seconds.
  path: Assets/Bullet.cs
  artifactKey: Guid(69cafaeae09b4cc4886d3a4810e9d86c) Importer(815301076,1909f56bfc062723c751e8b465ee728b)
Start importing Assets/Bullet.cs using Guid(69cafaeae09b4cc4886d3a4810e9d86c) Importer(815301076,1909f56bfc062723c751e8b465ee728b)  -> (artifact id: 'be3ae4415c87170955d37a82fd9fd4ff') in 0.021421 seconds
  Import took 0.027709 seconds .

========================================================================
Received Import Request.
  Time since last request: 17.202615 seconds.
  path: Assets/Bullet.prefab
  artifactKey: Guid(dd371d4660e826f4a8d14eaab2880124) Importer(815301076,1909f56bfc062723c751e8b465ee728b)
Start importing Assets/Bullet.prefab using Guid(dd371d4660e826f4a8d14eaab2880124) Importer(815301076,1909f56bfc062723c751e8b465ee728b)  -> (artifact id: 'e7ea57769643e66a660d4d2b94cf2804') in 0.105760 seconds
  Import took 0.110963 seconds .

========================================================================
Received Prepare
Registering precompiled user dll's ...
Registered in 0.001040 seconds.
Begin MonoManager ReloadAssembly
Native extension for WindowsStandalone target not found
Refreshing native plugins compatible for Editor in 0.86 ms, found 0 plugins.
Preloading 0 native plugins for Editor in 0.00 ms.
Mono: successfully reloaded assembly
- Completed reload, in  2.363 seconds
Platform modules already initialized, skipping
Refreshing native plugins compatible for Editor in 0.54 ms, found 0 plugins.
Preloading 0 native plugins for Editor in 0.00 ms.
Unloading 1242 Unused Serialized files (Serialized files now loaded: 0)
System memory in use before: 71.7 MB.
System memory in use after: 67.3 MB.

Unloading 26 unused Assets to reduce memory usage. Loaded Objects now: 1825.
Total: 11.623500 ms (FindLiveObjects: 0.312900 ms CreateObjectMapping: 0.096000 ms MarkObjects: 3.864200 ms  DeleteObjects: 7.347600 ms)

========================================================================
Received Import Request.
  Time since last request: 10.784599 seconds.
  path: Assets/Bullet.prefab
  artifactKey: Guid(dd371d4660e826f4a8d14eaab2880124) Importer(815301076,1909f56bfc062723c751e8b465ee728b)
Start importing Assets/Bullet.prefab using Guid(dd371d4660e826f4a8d14eaab2880124) Importer(815301076,1909f56bfc062723c751e8b465ee728b)  -> (artifact id: 'cdf759ec37c9ab9b7e72ccdb3acaf439') in 0.170053 seconds
  Import took 0.176589 seconds .

========================================================================
Received Prepare
Registering precompiled user dll's ...
Registered in 0.001629 seconds.
Begin MonoManager ReloadAssembly
Native extension for WindowsStandalone target not found
Refreshing native plugins compatible for Editor in 0.52 ms, found 0 plugins.
Preloading 0 native plugins for Editor in 0.00 ms.
Mono: successfully reloaded assembly
- Completed reload, in  1.892 seconds
Platform modules already initialized, skipping
Refreshing native plugins compatible for Editor in 0.55 ms, found 0 plugins.
Preloading 0 native plugins for Editor in 0.00 ms.
Unloading 1242 Unused Serialized files (Serialized files now loaded: 0)
System memory in use before: 71.7 MB.
System memory in use after: 67.3 MB.

Unloading 26 unused Assets to reduce memory usage. Loaded Objects now: 1829.
Total: 9.062200 ms (FindLiveObjects: 0.228100 ms CreateObjectMapping: 0.121000 ms MarkObjects: 2.731300 ms  DeleteObjects: 5.979900 ms)

========================================================================
Received Prepare
Registering precompiled user dll's ...
Registered in 0.001250 seconds.
Begin MonoManager ReloadAssembly
Native extension for WindowsStandalone target not found
Refreshing native plugins compatible for Editor in 0.49 ms, found 0 plugins.
Preloading 0 native plugins for Editor in 0.00 ms.
Mono: successfully reloaded assembly
- Completed reload, in  1.604 seconds
Platform modules already initialized, skipping
Refreshing native plugins compatible for Editor in 0.51 ms, found 0 plugins.
Preloading 0 native plugins for Editor in 0.00 ms.
Unloading 1242 Unused Serialized files (Serialized files now loaded: 0)
System memory in use before: 71.7 MB.
System memory in use after: 67.3 MB.

Unloading 26 unused Assets to reduce memory usage. Loaded Objects now: 1832.
Total: 9.229000 ms (FindLiveObjects: 0.333400 ms CreateObjectMapping: 0.101500 ms MarkObjects: 3.325700 ms  DeleteObjects: 5.466300 ms)

========================================================================
Received Prepare
Registering precompiled user dll's ...
Registered in 0.001231 seconds.
Begin MonoManager ReloadAssembly
Native extension for WindowsStandalone target not found
Refreshing native plugins compatible for Editor in 0.38 ms, found 0 plugins.
Preloading 0 native plugins for Editor in 0.00 ms.
Mono: successfully reloaded assembly
- Completed reload, in  1.433 seconds
Platform modules already initialized, skipping
Refreshing native plugins compatible for Editor in 0.37 ms, found 0 plugins.
Preloading 0 native plugins for Editor in 0.00 ms.
Unloading 1242 Unused Serialized files (Serialized files now loaded: 0)
System memory in use before: 71.7 MB.
System memory in use after: 67.4 MB.

Unloading 26 unused Assets to reduce memory usage. Loaded Objects now: 1835.
Total: 7.080100 ms (FindLiveObjects: 0.257000 ms CreateObjectMapping: 0.107700 ms MarkObjects: 2.276300 ms  DeleteObjects: 4.436500 ms)

========================================================================
Received Prepare
Registering precompiled user dll's ...
Registered in 0.001154 seconds.
Begin MonoManager ReloadAssembly
Native extension for WindowsStandalone target not found
Refreshing native plugins compatible for Editor in 0.64 ms, found 0 plugins.
Preloading 0 native plugins for Editor in 0.00 ms.
Mono: successfully reloaded assembly
- Completed reload, in  1.555 seconds
Platform modules already initialized, skipping
Refreshing native plugins compatible for Editor in 0.55 ms, found 0 plugins.
Preloading 0 native plugins for Editor in 0.00 ms.
Unloading 1242 Unused Serialized files (Serialized files now loaded: 0)
System memory in use before: 71.8 MB.
System memory in use after: 67.4 MB.

Unloading 26 unused Assets to reduce memory usage. Loaded Objects now: 1838.
Total: 6.895500 ms (FindLiveObjects: 0.256900 ms CreateObjectMapping: 0.087700 ms MarkObjects: 2.071100 ms  DeleteObjects: 4.478400 ms)

========================================================================
Received Prepare
Registering precompiled user dll's ...
Registered in 0.001335 seconds.
Begin MonoManager ReloadAssembly
Native extension for WindowsStandalone target not found
Refreshing native plugins compatible for Editor in 0.26 ms, found 0 plugins.
Preloading 0 native plugins for Editor in 0.00 ms.
Mono: successfully reloaded assembly
- Completed reload, in  1.583 seconds
Platform modules already initialized, skipping
Refreshing native plugins compatible for Editor in 0.56 ms, found 0 plugins.
Preloading 0 native plugins for Editor in 0.00 ms.
Unloading 1242 Unused Serialized files (Serialized files now loaded: 0)
System memory in use before: 71.7 MB.
System memory in use after: 67.4 MB.

Unloading 26 unused Assets to reduce memory usage. Loaded Objects now: 1841.
Total: 8.822500 ms (FindLiveObjects: 0.316700 ms CreateObjectMapping: 0.103100 ms MarkObjects: 2.866900 ms  DeleteObjects: 5.533700 ms)

========================================================================
Received Prepare
Registering precompiled user dll's ...
Registered in 0.001251 seconds.
Begin MonoManager ReloadAssembly
Native extension for WindowsStandalone target not found
Refreshing native plugins compatible for Editor in 0.55 ms, found 0 plugins.
Preloading 0 native plugins for Editor in 0.00 ms.
Mono: successfully reloaded assembly
- Completed reload, in  1.799 seconds
Platform modules already initialized, skipping
Refreshing native plugins compatible for Editor in 0.56 ms, found 0 plugins.
Preloading 0 native plugins for Editor in 0.00 ms.
Unloading 1242 Unused Serialized files (Serialized files now loaded: 0)
System memory in use before: 71.8 MB.
System memory in use after: 67.4 MB.

Unloading 26 unused Assets to reduce memory usage. Loaded Objects now: 1844.
Total: 10.685300 ms (FindLiveObjects: 0.286300 ms CreateObjectMapping: 0.092800 ms MarkObjects: 3.157500 ms  DeleteObjects: 7.145900 ms)

========================================================================
Received Prepare
Registering precompiled user dll's ...
Registered in 0.001193 seconds.
Begin MonoManager ReloadAssembly
Native extension for WindowsStandalone target not found
Refreshing native plugins compatible for Editor in 0.45 ms, found 0 plugins.
Preloading 0 native plugins for Editor in 0.00 ms.
Mono: successfully reloaded assembly
- Completed reload, in  1.619 seconds
Platform modules already initialized, skipping
Refreshing native plugins compatible for Editor in 0.49 ms, found 0 plugins.
Preloading 0 native plugins for Editor in 0.00 ms.
Unloading 1242 Unused Serialized files (Serialized files now loaded: 0)
System memory in use before: 71.8 MB.
System memory in use after: 67.4 MB.

Unloading 26 unused Assets to reduce memory usage. Loaded Objects now: 1847.
Total: 9.056600 ms (FindLiveObjects: 0.310300 ms CreateObjectMapping: 0.075000 ms MarkObjects: 2.992400 ms  DeleteObjects: 5.676300 ms)

========================================================================
Received Import Request.
  Time since last request: 530.179693 seconds.
  path: Assets/BulletMovement.cs
  artifactKey: Guid(b923083113bebcd448b9cce987eb5e63) Importer(815301076,1909f56bfc062723c751e8b465ee728b)
Start importing Assets/BulletMovement.cs using Guid(b923083113bebcd448b9cce987eb5e63) Importer(815301076,1909f56bfc062723c751e8b465ee728b)  -> (artifact id: 'f9dc063899c8db623be6f37e566c3e10') in 0.017663 seconds
  Import took 0.023474 seconds .

========================================================================
Received Import Request.
  Time since last request: 0.001832 seconds.
  path: Assets/BulletMovement.cs
  artifactKey: Guid(b923083113bebcd448b9cce987eb5e63) Importer(815301076,1909f56bfc062723c751e8b465ee728b)
Start importing Assets/BulletMovement.cs using Guid(b923083113bebcd448b9cce987eb5e63) Importer(815301076,1909f56bfc062723c751e8b465ee728b)  -> (artifact id: 'f9dc063899c8db623be6f37e566c3e10') in 0.006970 seconds
  Import took 0.013097 seconds .

========================================================================
Received Prepare
Registering precompiled user dll's ...
Registered in 0.001051 seconds.
Begin MonoManager ReloadAssembly
Native extension for WindowsStandalone target not found
Refreshing native plugins compatible for Editor in 0.40 ms, found 0 plugins.
Preloading 0 native plugins for Editor in 0.00 ms.
Mono: successfully reloaded assembly
- Completed reload, in  1.613 seconds
Platform modules already initialized, skipping
Refreshing native plugins compatible for Editor in 0.45 ms, found 0 plugins.
Preloading 0 native plugins for Editor in 0.00 ms.
Unloading 1241 Unused Serialized files (Serialized files now loaded: 0)
System memory in use before: 71.7 MB.
System memory in use after: 67.4 MB.

Unloading 27 unused Assets to reduce memory usage. Loaded Objects now: 1849.
Total: 8.873000 ms (FindLiveObjects: 0.346200 ms CreateObjectMapping: 0.145600 ms MarkObjects: 2.698700 ms  DeleteObjects: 5.679700 ms)

========================================================================
Received Import Request.
  Time since last request: 16.795007 seconds.
  path: Assets/BulletSpawn.cs
  artifactKey: Guid(504e2cb4539c61c41af1b330538b03bb) Importer(815301076,1909f56bfc062723c751e8b465ee728b)
Start importing Assets/BulletSpawn.cs using Guid(504e2cb4539c61c41af1b330538b03bb) Importer(815301076,1909f56bfc062723c751e8b465ee728b)  -> (artifact id: 'a17ed343290f6428d48b5d7b927f044e') in 0.013672 seconds
  Import took 0.017015 seconds .

========================================================================
Received Import Request.
  Time since last request: 0.037427 seconds.
  path: Assets/BulletSpawn.cs
  artifactKey: Guid(504e2cb4539c61c41af1b330538b03bb) Importer(815301076,1909f56bfc062723c751e8b465ee728b)
Start importing Assets/BulletSpawn.cs using Guid(504e2cb4539c61c41af1b330538b03bb) Importer(815301076,1909f56bfc062723c751e8b465ee728b)  -> (artifact id: 'a17ed343290f6428d48b5d7b927f044e') in 0.004555 seconds
  Import took 0.007833 seconds .

========================================================================
Received Prepare
Registering precompiled user dll's ...
Registered in 0.001244 seconds.
Begin MonoManager ReloadAssembly
Native extension for WindowsStandalone target not found
Refreshing native plugins compatible for Editor in 0.41 ms, found 0 plugins.
Preloading 0 native plugins for Editor in 0.00 ms.
Mono: successfully reloaded assembly
- Completed reload, in  1.752 seconds
Platform modules already initialized, skipping
Refreshing native plugins compatible for Editor in 0.52 ms, found 0 plugins.
Preloading 0 native plugins for Editor in 0.00 ms.
Unloading 1242 Unused Serialized files (Serialized files now loaded: 0)
System memory in use before: 71.8 MB.
System memory in use after: 67.4 MB.

Unloading 26 unused Assets to reduce memory usage. Loaded Objects now: 1853.
Total: 10.522000 ms (FindLiveObjects: 0.307600 ms CreateObjectMapping: 0.129500 ms MarkObjects: 3.876700 ms  DeleteObjects: 6.205600 ms)

========================================================================
Received Prepare
Registering precompiled user dll's ...
Registered in 0.001718 seconds.
Begin MonoManager ReloadAssembly
Native extension for WindowsStandalone target not found
Refreshing native plugins compatible for Editor in 0.55 ms, found 0 plugins.
Preloading 0 native plugins for Editor in 0.00 ms.
Mono: successfully reloaded assembly
- Completed reload, in  1.552 seconds
Platform modules already initialized, skipping
Refreshing native plugins compatible for Editor in 0.56 ms, found 0 plugins.
Preloading 0 native plugins for Editor in 0.00 ms.
Unloading 1242 Unused Serialized files (Serialized files now loaded: 0)
System memory in use before: 71.8 MB.
System memory in use after: 67.4 MB.

Unloading 26 unused Assets to reduce memory usage. Loaded Objects now: 1856.
Total: 12.819800 ms (FindLiveObjects: 0.463600 ms CreateObjectMapping: 0.101500 ms MarkObjects: 3.609200 ms  DeleteObjects: 8.643000 ms)

========================================================================
Received Import Request.
  Time since last request: 122.946755 seconds.
  path: Assets/BulletSpawn.cs
  artifactKey: Guid(504e2cb4539c61c41af1b330538b03bb) Importer(815301076,1909f56bfc062723c751e8b465ee728b)
Start importing Assets/BulletSpawn.cs using Guid(504e2cb4539c61c41af1b330538b03bb) Importer(815301076,1909f56bfc062723c751e8b465ee728b)  -> (artifact id: '064582398a03a827388ee1f85d8f0594') in 0.011004 seconds
  Import took 0.016482 seconds .

========================================================================
Received Prepare
Registering precompiled user dll's ...
Registered in 0.001048 seconds.
Begin MonoManager ReloadAssembly
Native extension for WindowsStandalone target not found
Refreshing native plugins compatible for Editor in 0.48 ms, found 0 plugins.
Preloading 0 native plugins for Editor in 0.00 ms.
Mono: successfully reloaded assembly
- Completed reload, in  1.874 seconds
Platform modules already initialized, skipping
Refreshing native plugins compatible for Editor in 0.41 ms, found 0 plugins.
Preloading 0 native plugins for Editor in 0.00 ms.
Unloading 1242 Unused Serialized files (Serialized files now loaded: 0)
System memory in use before: 71.7 MB.
System memory in use after: 67.4 MB.

Unloading 26 unused Assets to reduce memory usage. Loaded Objects now: 1859.
Total: 7.389000 ms (FindLiveObjects: 0.278700 ms CreateObjectMapping: 0.075200 ms MarkObjects: 2.422000 ms  DeleteObjects: 4.611300 ms)

========================================================================
Received Prepare
Registering precompiled user dll's ...
Registered in 0.001349 seconds.
Begin MonoManager ReloadAssembly
Native extension for WindowsStandalone target not found
Refreshing native plugins compatible for Editor in 0.80 ms, found 0 plugins.
Preloading 0 native plugins for Editor in 0.00 ms.
Mono: successfully reloaded assembly
- Completed reload, in  1.720 seconds
Platform modules already initialized, skipping
Refreshing native plugins compatible for Editor in 0.35 ms, found 0 plugins.
Preloading 0 native plugins for Editor in 0.00 ms.
Unloading 1242 Unused Serialized files (Serialized files now loaded: 0)
System memory in use before: 71.7 MB.
System memory in use after: 67.4 MB.

Unloading 26 unused Assets to reduce memory usage. Loaded Objects now: 1862.
Total: 8.893600 ms (FindLiveObjects: 0.326600 ms CreateObjectMapping: 0.124100 ms MarkObjects: 3.739800 ms  DeleteObjects: 4.701200 ms)

========================================================================
Received Prepare
Registering precompiled user dll's ...
Registered in 0.001602 seconds.
Begin MonoManager ReloadAssembly
Native extension for WindowsStandalone target not found
Refreshing native plugins compatible for Editor in 0.65 ms, found 0 plugins.
Preloading 0 native plugins for Editor in 0.00 ms.
Mono: successfully reloaded assembly
- Completed reload, in  1.839 seconds
Platform modules already initialized, skipping
Refreshing native plugins compatible for Editor in 0.52 ms, found 0 plugins.
Preloading 0 native plugins for Editor in 0.00 ms.
Unloading 1242 Unused Serialized files (Serialized files now loaded: 0)
System memory in use before: 71.8 MB.
System memory in use after: 67.4 MB.

Unloading 26 unused Assets to reduce memory usage. Loaded Objects now: 1865.
Total: 12.703100 ms (FindLiveObjects: 0.457500 ms CreateObjectMapping: 0.130800 ms MarkObjects: 3.622900 ms  DeleteObjects: 8.488300 ms)

========================================================================
Received Prepare
Registering precompiled user dll's ...
Registered in 0.001630 seconds.
Begin MonoManager ReloadAssembly
Native extension for WindowsStandalone target not found
Refreshing native plugins compatible for Editor in 0.55 ms, found 0 plugins.
Preloading 0 native plugins for Editor in 0.00 ms.
Mono: successfully reloaded assembly
- Completed reload, in  1.709 seconds
Platform modules already initialized, skipping
Refreshing native plugins compatible for Editor in 0.54 ms, found 0 plugins.
Preloading 0 native plugins for Editor in 0.00 ms.
Unloading 1242 Unused Serialized files (Serialized files now loaded: 0)
System memory in use before: 71.7 MB.
System memory in use after: 67.4 MB.

Unloading 26 unused Assets to reduce memory usage. Loaded Objects now: 1868.
Total: 8.758100 ms (FindLiveObjects: 0.356300 ms CreateObjectMapping: 0.069700 ms MarkObjects: 2.628700 ms  DeleteObjects: 5.701100 ms)

